<?xml version="1.0" encoding="UTF-8"?>
<testng-results skipped="0" failed="0" ignored="0" total="1" passed="1">
  <reporter-output>
  </reporter-output>
  <suite name="Default suite" duration-ms="6801" started-at="2019-08-08T06:56:26Z" finished-at="2019-08-08T06:56:33Z">
    <groups>
    </groups>
    <test name="Default test" duration-ms="6801" started-at="2019-08-08T06:56:26Z" finished-at="2019-08-08T06:56:33Z">
      <class name="com.test.Democlass">
        <test-method status="PASS" signature="setup()[pri:0, instance:com.test.Democlass@4b9e13df]" name="setup" is-config="true" duration-ms="6383" started-at="2019-08-08T06:56:26Z" finished-at="2019-08-08T06:56:33Z">
          <reporter-output>
          </reporter-output>
        </test-method> <!-- setup -->
        <test-method status="PASS" signature="checktitle()[pri:0, instance:com.test.Democlass@4b9e13df]" name="checktitle" duration-ms="20" started-at="2019-08-08T06:56:33Z" finished-at="2019-08-08T06:56:33Z">
          <reporter-output>
          </reporter-output>
        </test-method> <!-- checktitle -->
        <test-method status="PASS" signature="close()[pri:0, instance:com.test.Democlass@4b9e13df]" name="close" is-config="true" duration-ms="373" started-at="2019-08-08T06:56:33Z" finished-at="2019-08-08T06:56:33Z">
          <reporter-output>
          </reporter-output>
        </test-method> <!-- close -->
      </class> <!-- com.test.Democlass -->
    </test> <!-- Default test -->
  </suite> <!-- Default suite -->
</testng-results>
